0 info it worked if it ends with ok
1 verbose cli [ 'C:\\dev\\runtimes\\nodejs\\\\node.exe',
1 verbose cli   'C:\\dev\\runtimes\\nodejs\\node_modules\\npm\\bin\\npm-cli.js',
1 verbose cli   'install',
1 verbose cli   'yargs' ]
2 info using npm@1.4.14
3 info using node@v0.10.29
4 verbose node symlink C:\dev\runtimes\nodejs\\node.exe
5 verbose readDependencies using package.json deps
6 verbose cache add [ 'yargs', null ]
7 verbose cache add name=undefined spec="yargs" args=["yargs",null]
8 verbose parsed url { protocol: null,
8 verbose parsed url   slashes: null,
8 verbose parsed url   auth: null,
8 verbose parsed url   host: null,
8 verbose parsed url   port: null,
8 verbose parsed url   hostname: null,
8 verbose parsed url   hash: null,
8 verbose parsed url   search: null,
8 verbose parsed url   query: null,
8 verbose parsed url   pathname: 'yargs',
8 verbose parsed url   path: 'yargs',
8 verbose parsed url   href: 'yargs' }
9 silly lockFile 988f2857-yargs yargs
10 verbose lock yargs C:\Users\SHARONDO\AppData\Roaming\npm-cache\988f2857-yargs.lock
11 silly lockFile 988f2857-yargs yargs
12 silly lockFile 988f2857-yargs yargs
13 verbose addNamed [ 'yargs', '' ]
14 verbose addNamed [ null, '*' ]
15 silly lockFile d4524018-yargs yargs@
16 verbose lock yargs@ C:\Users\SHARONDO\AppData\Roaming\npm-cache\d4524018-yargs.lock
17 silly addNameRange { name: 'yargs', range: '*', hasData: false }
18 verbose url raw yargs
19 verbose url resolving [ 'https://registry.npmjs.org/', './yargs' ]
20 verbose url resolved https://registry.npmjs.org/yargs
21 info trying registry request attempt 1 at 16:23:06
22 http GET https://registry.npmjs.org/yargs
23 info retry will retry, error on last attempt: Error: tunneling socket could not be established, cause=connect ETIMEDOUT
24 info trying registry request attempt 2 at 16:23:38
25 http GET https://registry.npmjs.org/yargs
26 info retry will retry, error on last attempt: Error: tunneling socket could not be established, cause=connect ETIMEDOUT
27 info trying registry request attempt 3 at 16:24:59
28 http GET https://registry.npmjs.org/yargs
29 silly lockFile d4524018-yargs yargs@
30 silly lockFile d4524018-yargs yargs@
31 error network tunneling socket could not be established, cause=connect ETIMEDOUT
31 error network This is most likely not a problem with npm itself
31 error network and is related to network connectivity.
31 error network In most cases you are behind a proxy or have bad network settings.
31 error network
31 error network If you are behind a proxy, please make sure that the
31 error network 'proxy' config is set properly.  See: 'npm help config'
32 error System Windows_NT 6.2.9200
33 error command "C:\\dev\\runtimes\\nodejs\\\\node.exe" "C:\\dev\\runtimes\\nodejs\\node_modules\\npm\\bin\\npm-cli.js" "install" "yargs"
34 error cwd C:\dev\sources\oops
35 error node -v v0.10.29
36 error npm -v 1.4.14
37 error code ECONNRESET
38 verbose exit [ 1, true ]
